Flash DNA Placeholder Replacement Log - 2025-03-27 14:02:11.341736

Files processed: 3296
Files modified: 20

Modified files:
 - G:\FlashDnaProject\advanced_ml.py
   (Backup: G:\FlashDnaProject\advanced_ml.py.bak)
 - G:\FlashDnaProject\benchmarking.py
   (Backup: G:\FlashDnaProject\benchmarking.py.bak)
 - G:\FlashDnaProject\cohort_analysis.py
   (Backup: G:\FlashDnaProject\cohort_analysis.py.bak)
 - G:\FlashDnaProject\competitive_intelligence.py
   (Backup: G:\FlashDnaProject\competitive_intelligence.py.bak)
 - G:\FlashDnaProject\config.py
   (Backup: G:\FlashDnaProject\config.py.bak)
 - G:\FlashDnaProject\database.py
   (Backup: G:\FlashDnaProject\database.py.bak)
 - G:\FlashDnaProject\domain_expansions.py
   (Backup: G:\FlashDnaProject\domain_expansions.py.bak)
 - G:\FlashDnaProject\financial_modeling.py
   (Backup: G:\FlashDnaProject\financial_modeling.py.bak)
 - G:\FlashDnaProject\hpc_scenario.py
   (Backup: G:\FlashDnaProject\hpc_scenario.py.bak)
 - G:\FlashDnaProject\main.py
   (Backup: G:\FlashDnaProject\main.py.bak)
 - G:\FlashDnaProject\ml_assessment.py
   (Backup: G:\FlashDnaProject\ml_assessment.py.bak)
 - G:\FlashDnaProject\monte_carlo.py
   (Backup: G:\FlashDnaProject\monte_carlo.py.bak)
 - G:\FlashDnaProject\network_analysis.py
   (Backup: G:\FlashDnaProject\network_analysis.py.bak)
 - G:\FlashDnaProject\pitch_sentiment.py
   (Backup: G:\FlashDnaProject\pitch_sentiment.py.bak)
 - G:\FlashDnaProject\product_market_fit.py
   (Backup: G:\FlashDnaProject\product_market_fit.py.bak)
 - G:\FlashDnaProject\sir_model.py
   (Backup: G:\FlashDnaProject\sir_model.py.bak)
 - G:\FlashDnaProject\system_dynamics.py
   (Backup: G:\FlashDnaProject\system_dynamics.py.bak)
 - G:\FlashDnaProject\team_moat.py
   (Backup: G:\FlashDnaProject\team_moat.py.bak)
 - G:\FlashDnaProject\train_model.py
   (Backup: G:\FlashDnaProject\train_model.py.bak)
 - G:\FlashDnaProject\visualization_3d.py
   (Backup: G:\FlashDnaProject\visualization_3d.py.bak)

Replacement patterns used:
